2021-11-04 10:12:07 6676 [Note] Plugin 'FEDERATED' is disabled.
2021-11-04 10:12:10 6676 [Note] InnoDB: Using atomics to ref count buffer pool pages
2021-11-04 10:12:10 6676 [Note] InnoDB: The InnoDB memory heap is disabled
2021-11-04 10:12:10 6676 [Note] InnoDB: Mutexes and rw_locks use Windows interlocked functions
2021-11-04 10:12:10 6676 [Note] InnoDB: Memory barrier is not used
2021-11-04 10:12:10 6676 [Note] InnoDB: Compressed tables use zlib 1.2.3
2021-11-04 10:12:10 6676 [Note] InnoDB: Not using CPU crc32 instructions
2021-11-04 10:12:10 6676 [Note] InnoDB: Initializing buffer pool, size = 128.0M
2021-11-04 10:12:10 6676 [Note] InnoDB: Completed initialization of buffer pool
2021-11-04 10:12:12 6676 [Note] InnoDB: Highest supported file format is Barracuda.
2021-11-04 10:12:12 6676 [Note] InnoDB: The log sequence numbers 2250472 and 2250472 in ibdata files do not match the log sequence number 2699235 in the ib_logfiles!
2021-11-04 10:12:12 6676 [Note] InnoDB: Database was not shutdown normally!
2021-11-04 10:12:12 6676 [Note] InnoDB: Starting crash recovery.
2021-11-04 10:12:12 6676 [Note] InnoDB: Reading tablespace information from the .ibd files...
2021-11-04 10:12:13 6676 [Note] InnoDB: Restoring possible half-written data pages 
2021-11-04 10:12:13 6676 [Note] InnoDB: from the doublewrite buffer...
2021-11-04 10:12:16 6676 [Note] InnoDB: 128 rollback segment(s) are active.
2021-11-04 10:12:16 6676 [Note] InnoDB: Waiting for purge to start
2021-11-04 10:12:16 6676 [Note] InnoDB: 5.6.34 started; log sequence number 2699235
2021-11-04 10:12:16 6676 [Note] Server hostname (bind-address): '*'; port: 3308
2021-11-04 10:12:16 6676 [Note] IPv6 is available.
2021-11-04 10:12:16 6676 [Note]   - '::' resolves to '::';
2021-11-04 10:12:16 6676 [Note] Server socket created on IP: '::'.
2021-11-04 10:12:28 6676 [Note] Event Scheduler: Loaded 0 events
2021-11-04 10:12:28 6676 [Note] D:\aplikacija\USBWebserver v8.6.5/mysql/bin/mysqld_usbwv8.exe: ready for connections.
Version: '5.6.34'  socket: ''  port: 3308  MySQL Community Server (GPL)
2021-11-04 10:17:56 6408 [Note] Plugin 'FEDERATED' is disabled.
2021-11-04 10:17:56 6408 [Note] InnoDB: Using atomics to ref count buffer pool pages
2021-11-04 10:17:56 6408 [Note] InnoDB: The InnoDB memory heap is disabled
2021-11-04 10:17:56 6408 [Note] InnoDB: Mutexes and rw_locks use Windows interlocked functions
2021-11-04 10:17:56 6408 [Note] InnoDB: Memory barrier is not used
2021-11-04 10:17:56 6408 [Note] InnoDB: Compressed tables use zlib 1.2.3
2021-11-04 10:17:56 6408 [Note] InnoDB: Not using CPU crc32 instructions
2021-11-04 10:17:56 6408 [Note] InnoDB: Initializing buffer pool, size = 128.0M
2021-11-04 10:17:56 6408 [Note] InnoDB: Completed initialization of buffer pool
2021-11-04 10:17:56 6408 [Note] InnoDB: Highest supported file format is Barracuda.
2021-11-04 10:17:56 6408 [Note] InnoDB: The log sequence numbers 2250472 and 2250472 in ibdata files do not match the log sequence number 2699245 in the ib_logfiles!
2021-11-04 10:17:56 6408 [Note] InnoDB: Database was not shutdown normally!
2021-11-04 10:17:56 6408 [Note] InnoDB: Starting crash recovery.
2021-11-04 10:17:56 6408 [Note] InnoDB: Reading tablespace information from the .ibd files...
2021-11-04 10:17:56 6408 [Note] InnoDB: Restoring possible half-written data pages 
2021-11-04 10:17:56 6408 [Note] InnoDB: from the doublewrite buffer...
2021-11-04 10:17:57 6408 [Note] InnoDB: 128 rollback segment(s) are active.
2021-11-04 10:17:57 6408 [Note] InnoDB: Waiting for purge to start
2021-11-04 10:17:57 6408 [Note] InnoDB: 5.6.34 started; log sequence number 2699245
2021-11-04 10:17:57 6408 [Note] Server hostname (bind-address): '*'; port: 3308
2021-11-04 10:17:57 6408 [Note] IPv6 is available.
2021-11-04 10:17:57 6408 [Note]   - '::' resolves to '::';
2021-11-04 10:17:57 6408 [Note] Server socket created on IP: '::'.
