::1 - - [31/Aug/2022:18:34:11 +0200] "GET /domov HTTP/1.1" 200 5335
::1 - - [31/Aug/2022:18:34:17 +0200] "GET /prijava HTTP/1.1" 200 4278
::1 - - [31/Aug/2022:18:34:18 +0200] "POST /prijave/preveriPrijavo HTTP/1.1" 303 1785
::1 - - [31/Aug/2022:18:34:18 +0200] "GET /domov HTTP/1.1" 200 5335
::1 - - [31/Aug/2022:18:34:20 +0200] "GET /projekt/sestavljalci HTTP/1.1" 404 1190
::1 - - [31/Aug/2022:18:35:17 +0200] "-" 408 -
::1 - - [31/Aug/2022:18:36:03 +0200] "GET / HTTP/1.1" 200 5319
::1 - - [31/Aug/2022:18:36:05 +0200] "GET /naloge HTTP/1.1" 200 22100
::1 - - [31/Aug/2022:18:36:05 +0200] "GET /vs/language/typescript/tsMode.js HTTP/1.1" 404 1190
::1 - - [31/Aug/2022:18:36:05 +0200] "GET /vs/base/worker/workerMain.js HTTP/1.1" 404 1190
::1 - - [31/Aug/2022:18:36:06 +0200] "GET /prijava HTTP/1.1" 200 4278
::1 - - [31/Aug/2022:18:36:07 +0200] "POST /prijave/preveriPrijavo HTTP/1.1" 303 1785
::1 - - [31/Aug/2022:18:36:07 +0200] "GET /domov HTTP/1.1" 200 5319
::1 - - [31/Aug/2022:18:36:09 +0200] "GET /projekt/sestavljalci HTTP/1.1" 404 1190
::1 - - [31/Aug/2022:18:36:11 +0200] "GET /domov HTTP/1.1" 200 5319
::1 - - [31/Aug/2022:18:36:12 +0200] "GET /projekt/admin HTTP/1.1" 404 1190
::1 - - [31/Aug/2022:18:36:13 +0200] "GET /domov HTTP/1.1" 200 5319
::1 - - [31/Aug/2022:18:36:44 +0200] "GET /domov HTTP/1.1" 200 5296
::1 - - [31/Aug/2022:18:36:45 +0200] "GET /admin HTTP/1.1" 200 9142
::1 - - [31/Aug/2022:18:36:46 +0200] "GET /sestavljalci HTTP/1.1" 200 15823
::1 - - [31/Aug/2022:18:36:47 +0200] "GET /prijava HTTP/1.1" 200 4255
::1 - - [31/Aug/2022:18:36:47 +0200] "GET /naloge HTTP/1.1" 200 22077
::1 - - [31/Aug/2022:18:36:48 +0200] "GET /vs/language/typescript/tsMode.js HTTP/1.1" 404 1190
::1 - - [31/Aug/2022:18:36:48 +0200] "GET /vs/base/worker/workerMain.js HTTP/1.1" 404 1190
::1 - - [31/Aug/2022:18:36:48 +0200] "GET /naloge HTTP/1.1" 200 22077
::1 - - [31/Aug/2022:18:36:48 +0200] "GET /vs/language/typescript/tsMode.js HTTP/1.1" 404 1190
::1 - - [31/Aug/2022:18:36:48 +0200] "GET /vs/base/worker/workerMain.js HTTP/1.1" 404 1190
::1 - - [31/Aug/2022:18:36:49 +0200] "GET /naloge HTTP/1.1" 200 22077
::1 - - [31/Aug/2022:18:36:49 +0200] "GET /vs/language/typescript/tsMode.js HTTP/1.1" 404 1190
::1 - - [31/Aug/2022:18:36:49 +0200] "GET /vs/base/worker/workerMain.js HTTP/1.1" 404 1190
